2023-02-07 10:57:35.177  INFO 22892 --- [main] cn.cyrus.otm.OtmApplication              : Starting OtmApplication using Java 1.8.0_341 on DESKTOP-8CAV8JV with PID 22892 (D:\project\java\sql替换\otm\otm\target\classes started by cYrus in D:\project\java\sql替换\otm\otm)
2023-02-07 10:57:35.185  INFO 22892 --- [main] cn.cyrus.otm.OtmApplication              : No active profile set, falling back to 1 default profile: "default"
2023-02-07 10:57:36.227  INFO 22892 --- [main] o.s.b.w.embedded.tomcat.TomcatWebServer  : Tomcat initialized with port(s): 9623 (http)
2023-02-07 10:57:36.234  INFO 22892 --- [main] o.apache.catalina.core.StandardService   : Starting service [Tomcat]
2023-02-07 10:57:36.234  INFO 22892 --- [main] org.apache.catalina.core.StandardEngine  : Starting Servlet engine: [Apache Tomcat/9.0.70]
2023-02-07 10:57:36.678  INFO 22892 --- [main] o.a.c.c.C.[Tomcat].[localhost].[/otm]    : Initializing Spring embedded WebApplicationContext
2023-02-07 10:57:36.678  INFO 22892 --- [main] w.s.c.ServletWebServerApplicationContext : Root WebApplicationContext: initialization completed in 1442 ms
2023-02-07 10:57:37.267  INFO 22892 --- [main] o.s.b.w.embedded.tomcat.TomcatWebServer  : Tomcat started on port(s): 9623 (http) with context path '/otm'
2023-02-07 10:57:37.517  INFO 22892 --- [main] cn.cyrus.otm.OtmApplication              : Started OtmApplication in 2.729 seconds (JVM running for 3.385)
2023-02-07 10:57:37.521  INFO 22892 --- [main] cn.cyrus.otm.OtmApplication              : 
----------------------------------------------------------
	应用 'otm' 启动成功!
	在线接口文档：http://172.16.67.40:9623/otm/doc.html
----------------------------------------------------------
2023-02-07 10:57:38.677  INFO 22892 --- [http-nio-9623-exec-1] o.a.c.c.C.[Tomcat].[localhost].[/otm]    : Initializing Spring DispatcherServlet 'dispatcherServlet'
2023-02-07 10:57:38.677  INFO 22892 --- [http-nio-9623-exec-1] o.s.web.servlet.DispatcherServlet        : Initializing Servlet 'dispatcherServlet'
2023-02-07 10:57:38.678  INFO 22892 --- [http-nio-9623-exec-1] o.s.web.servlet.DispatcherServlet        : Completed initialization in 1 ms
2023-02-07 16:55:13.868  INFO 4976 --- [main] cn.cyrus.otm.OtmApplication              : Starting OtmApplication using Java 1.8.0_341 on DESKTOP-8CAV8JV with PID 4976 (D:\project\java\sql替换\otm\otm\target\classes started by cYrus in D:\project\java\sql替换\otm\otm)
2023-02-07 16:55:13.870  INFO 4976 --- [main] cn.cyrus.otm.OtmApplication              : No active profile set, falling back to 1 default profile: "default"
2023-02-07 16:55:15.011  INFO 4976 --- [main] o.s.b.w.embedded.tomcat.TomcatWebServer  : Tomcat initialized with port(s): 9623 (http)
2023-02-07 16:55:15.018  INFO 4976 --- [main] o.apache.catalina.core.StandardService   : Starting service [Tomcat]
2023-02-07 16:55:15.018  INFO 4976 --- [main] org.apache.catalina.core.StandardEngine  : Starting Servlet engine: [Apache Tomcat/9.0.70]
2023-02-07 16:55:15.140  INFO 4976 --- [main] o.a.c.c.C.[Tomcat].[localhost].[/otm]    : Initializing Spring embedded WebApplicationContext
2023-02-07 16:55:15.140  INFO 4976 --- [main] w.s.c.ServletWebServerApplicationContext : Root WebApplicationContext: initialization completed in 1223 ms
2023-02-07 16:55:15.660  INFO 4976 --- [main] o.s.b.w.embedded.tomcat.TomcatWebServer  : Tomcat started on port(s): 9623 (http) with context path '/otm'
2023-02-07 16:55:15.897  INFO 4976 --- [main] cn.cyrus.otm.OtmApplication              : Started OtmApplication in 2.485 seconds (JVM running for 3.192)
2023-02-07 16:55:15.902  INFO 4976 --- [main] cn.cyrus.otm.OtmApplication              : 
----------------------------------------------------------
	应用 'otm' 启动成功!
	在线接口文档：http://172.16.67.40:9623/otm/doc.html
----------------------------------------------------------
2023-02-07 16:55:18.475  INFO 4976 --- [http-nio-9623-exec-1] o.a.c.c.C.[Tomcat].[localhost].[/otm]    : Initializing Spring DispatcherServlet 'dispatcherServlet'
2023-02-07 16:55:18.475  INFO 4976 --- [http-nio-9623-exec-1] o.s.web.servlet.DispatcherServlet        : Initializing Servlet 'dispatcherServlet'
2023-02-07 16:55:18.476  INFO 4976 --- [http-nio-9623-exec-1] o.s.web.servlet.DispatcherServlet        : Completed initialization in 1 ms
